DEBUG: first allocation ran
DEBUG: rowCount = 1
DEBUG: row allocated
DEBUG: adding element 0 to grid
DEBUG: adding element 1 to grid
DEBUG: adding element 2 to grid
DEBUG: adding element 3 to grid
DEBUG: adding element 4 to grid
DEBUG: adding element 5 to grid
DEBUG: rowCount = 2
DEBUG: grid growing...
DEBUG: rowCount = 2
DEBUG: elements finished copying
DEBUG: old grid deletion complete
DEBUG: rowCount = 2
DEBUG: row allocated
DEBUG: adding element 0 to grid
DEBUG: adding element 1 to grid
DEBUG: adding element 2 to grid
DEBUG: adding element 3 to grid
DEBUG: adding element 4 to grid
DEBUG: adding element 5 to grid
DEBUG: rowCount = 3
DEBUG: row allocated
DEBUG: adding element 0 to grid
DEBUG: adding element 1 to grid
DEBUG: adding element 2 to grid
DEBUG: adding element 3 to grid
DEBUG: adding element 4 to grid
DEBUG: adding element 5 to grid
DEBUG: rowCount = 4
DEBUG: grid growing...
DEBUG: rowCount = 4
DEBUG: elements finished copying
DEBUG: old grid deletion complete
DEBUG: rowCount = 4
DEBUG: row allocated
DEBUG: adding element 0 to grid
DEBUG: adding element 1 to grid
DEBUG: adding element 2 to grid
DEBUG: adding element 3 to grid
DEBUG: adding element 4 to grid
DEBUG: adding element 5 to grid
DEBUG: rowCount = 5
DEBUG: x recieved, ending grid build
DEBUG: grid build stopped
DEBUG: rowCount = 5
DEBUG: colCount = 6
DEBUG: entered grid was:
DEBUG: printGrid called
||||||
......
..O...
..O...
..O...
......
||||||
DEBUG: stepGrid called
DEBUG: printGrid called
||||||
......
..O...
..O...
..O...
......
||||||
DEBUG: stepGrid called
DEBUG: printGrid called
||||||
......
..O...
..O...
..O...
......
||||||
DEBUG: stepGrid called
DEBUG: printGrid called
||||||
......
..O...
..O...
..O...
......
||||||
DEBUG: stepGrid called
DEBUG: printGrid called
||||||
......
..O...
..O...
..O...
......
||||||
DEBUG: stepGrid called
DEBUG: printGrid called
||||||
......
..O...
..O...
..O...
......
||||||
